[3a558eaed1c7a8] {jit-summary
Tracing:      	7669	27.795186
Backend:      	7592	5.315770
TOTAL:      		79.830791
ops:             	55512529
recorded ops:    	9937153
  calls:         	246894
guards:          	3656822
opt ops:         	3444776
opt guards:      	1025173
opt guards shared:	643938
forcings:        	0
abort: trace too long:	0
abort: compiling:	0
abort: vable escape:	0
abort: bad loop: 	0
abort: force quasi-immut:	77
nvirtuals:       	559744
nvholes:         	182991
nvreused:        	218148
vecopt tried:    	0
vecopt success:  	0
Total # of loops:	845
Total # of bridges:	6765
Freed # of loops:	323
Freed # of bridges:	1528
[3a558eaed45326] jit-summary}
